<?xml version="1.0" encoding="UTF-8"?>
<testsuite name="com.example.projectseminario.service.HomeServiceTest" tests="1" skipped="0" failures="0" errors="0" timestamp="2024-08-10T22:30:11" hostname="DESKTOP-3C35L6B" time="0.069">
  <properties/>
  <testcase name="testDivByZero()" classname="com.example.projectseminario.service.HomeServiceTest" time="0.069"/>
  <system-out><![CDATA[19:30:06.700 [Test worker] INFO org.springframework.test.context.support.AnnotationConfigContextLoaderUtils -- Could not detect default configuration classes for test class [com.example.projectseminario.service.HomeServiceTest]: HomeServiceTest does not declare any static, non-private, non-final, nested classes annotated with @Configuration.
19:30:07.068 [Test worker] INFO org.springframework.boot.test.context.SpringBootTestContextBootstrapper -- Found @SpringBootConfiguration com.example.projectseminario.ProjectSeminarioApplication for test class com.example.projectseminario.service.HomeServiceTest

  .   ____          _            __ _ _
 /\\ / ___'_ __ _ _(_)_ __  __ _ \ \ \ \
( ( )\___ | '_ | '_| | '_ \/ _` | \ \ \ \
 \\/  ___)| |_)| | | | | || (_| |  ) ) ) )
  '  |____| .__|_| |_|_| |_\__, | / / / /
 =========|_|==============|___/=/_/_/_/

 :: Spring Boot ::                (v3.3.2)

2024-08-10T19:30:09.686-03:00  INFO 16440 --- [project-seminario] [    Test worker] c.e.p.service.HomeServiceTest            : Starting HomeServiceTest using Java 17.0.8 with PID 16440 (started by micke in C:\Users\micke\OneDrive\workspace\trabalhos\test-jenkins\project-seminario)
2024-08-10T19:30:09.691-03:00  INFO 16440 --- [project-seminario] [    Test worker] c.e.p.service.HomeServiceTest            : No active profile set, falling back to 1 default profile: "default"
2024-08-10T19:30:10.883-03:00  INFO 16440 --- [project-seminario] [    Test worker] o.s.b.a.w.s.WelcomePageHandlerMapping    : Adding welcome page template: index
2024-08-10T19:30:11.359-03:00  INFO 16440 --- [project-seminario] [    Test worker] o.s.b.t.m.w.SpringBootMockServletContext : Initializing Spring TestDispatcherServlet ''
2024-08-10T19:30:11.359-03:00  INFO 16440 --- [project-seminario] [    Test worker] o.s.t.web.servlet.TestDispatcherServlet  : Initializing Servlet ''
2024-08-10T19:30:11.364-03:00  INFO 16440 --- [project-seminario] [    Test worker] o.s.t.web.servlet.TestDispatcherServlet  : Completed initialization in 2 ms
2024-08-10T19:30:11.416-03:00  INFO 16440 --- [project-seminario] [    Test worker] c.e.p.service.HomeServiceTest            : Started HomeServiceTest in 2.567 seconds (process running for 7.961)
]]></system-out>
  <system-err><![CDATA[]]></system-err>
</testsuite>
