<?xml version="1.0" encoding="UTF-8"?>
<testsuite name="com.example.projectseminario.ProjectSeminarioApplicationTests" tests="1" skipped="0" failures="0" errors="0" timestamp="2024-08-10T02:07:56" hostname="DESKTOP-3C35L6B" time="1.656">
  <properties/>
  <testcase name="contextLoads()" classname="com.example.projectseminario.ProjectSeminarioApplicationTests" time="1.656"/>
  <system-out><![CDATA[23:07:51.911 [Test worker] INFO org.springframework.test.context.support.AnnotationConfigContextLoaderUtils -- Could not detect default configuration classes for test class [com.example.projectseminario.ProjectSeminarioApplicationTests]: ProjectSeminarioApplicationTests does not declare any static, non-private, non-final, nested classes annotated with @Configuration.
23:07:52.297 [Test worker] INFO org.springframework.boot.test.context.SpringBootTestContextBootstrapper -- Found @SpringBootConfiguration com.example.projectseminario.ProjectSeminarioApplication for test class com.example.projectseminario.ProjectSeminarioApplicationTests

  .   ____          _            __ _ _
 /\\ / ___'_ __ _ _(_)_ __  __ _ \ \ \ \
( ( )\___ | '_ | '_| | '_ \/ _` | \ \ \ \
 \\/  ___)| |_)| | | | | || (_| |  ) ) ) )
  '  |____| .__|_| |_|_| |_\__, | / / / /
 =========|_|==============|___/=/_/_/_/

 :: Spring Boot ::                (v3.3.2)

2024-08-09T23:07:53.677-03:00  INFO 27324 --- [project-seminario] [    Test worker] c.e.p.ProjectSeminarioApplicationTests   : Starting ProjectSeminarioApplicationTests using Java 17.0.12 with PID 27324 (started by micke in C:\Users\micke\OneDrive\workspace\trabalhos\test-jenkins\project-seminario)
2024-08-09T23:07:53.680-03:00  INFO 27324 --- [project-seminario] [    Test worker] c.e.p.ProjectSeminarioApplicationTests   : No active profile set, falling back to 1 default profile: "default"
2024-08-09T23:07:55.219-03:00  WARN 27324 --- [project-seminario] [    Test worker] trationDelegate$BeanPostProcessorChecker : Bean 'org.springframework.ws.config.annotation.DelegatingWsConfiguration' of type [org.springframework.ws.config.annotation.DelegatingWsConfiguration$$SpringCGLIB$$0] is not eligible for getting processed by all BeanPostProcessors (for example: not eligible for auto-proxying). The currently created BeanPostProcessor [annotationActionEndpointMapping] is declared through a non-static factory method on that class; consider declaring it as static instead.
2024-08-09T23:07:55.270-03:00  INFO 27324 --- [project-seminario] [    Test worker] .w.s.a.s.AnnotationActionEndpointMapping : Supporting [WS-Addressing August 2004, WS-Addressing 1.0]
2024-08-09T23:07:55.666-03:00  INFO 27324 --- [project-seminario] [    Test worker] o.s.b.a.w.s.WelcomePageHandlerMapping    : Adding welcome page template: index
2024-08-09T23:07:56.323-03:00  INFO 27324 --- [project-seminario] [    Test worker] c.e.p.ProjectSeminarioApplicationTests   : Started ProjectSeminarioApplicationTests in 3.295 seconds (process running for 6.842)
]]></system-out>
  <system-err><![CDATA[]]></system-err>
</testsuite>
